# JRE version: OpenJDK Runtime Environment (8.0_242-b01) (build 1.8.0_242-release-1644-b01)
# Java VM: OpenJDK 64-Bit Server VM (25.242-b01 mixed mode windows-amd64 compressed oops)
Heap:
 PSYoungGen      total 143872K, used 25742K [0x00000000d5580000, 0x00000000e2880000, 0x0000000100000000)
  eden space 132608K, 10% used [0x00000000d5580000,0x00000000d63a8e08,0x00000000dd700000)
  from space 11264K, 99% used [0x00000000dd700000,0x00000000de1faae0,0x00000000de200000)
  to   space 13824K, 0% used [0x00000000e1b00000,0x00000000e1b00000,0x00000000e2880000)
 ParOldGen       total 65536K, used 10926K [0x0000000080000000, 0x0000000084000000, 0x00000000d5580000)
  object space 65536K, 16% used [0x0000000080000000,0x0000000080aaba98,0x0000000084000000)
 Metaspace       used 31415K, capacity 32788K, committed 32944K, reserved 1077248K
  class space    used 4595K, capacity 4916K, committed 5040K, reserved 1048576K
GC Heap History (10 events):
Event: 1.977 GC heap before
{Heap before GC invocations=4 (full 0):
 PSYoungGen      total 38400K, used 38391K [0x00000000d5580000, 0x00000000da080000, 0x0000000100000000)
  eden space 33280K, 100% used [0x00000000d5580000,0x00000000d7600000,0x00000000d7600000)
  from space 5120K, 99% used [0x00000000d7600000,0x00000000d7afdd20,0x00000000d7b00000)
  to   space 5120K, 0% used [0x00000000d9b80000,0x00000000d9b80000,0x00000000da080000)
 ParOldGen       total 87552K, used 392K [0x0000000080000000, 0x0000000085580000, 0x00000000d5580000)
  object space 87552K, 0% used [0x0000000080000000,0x0000000080062100,0x0000000085580000)
 Metaspace       used 14104K, capacity 14604K, committed 14976K, reserved 1062912K
  class space    used 1908K, capacity 2078K, committed 2176K, reserved 1048576K
Event: 1.983 GC heap after
Heap after GC invocations=4 (full 0):
 PSYoungGen      total 71680K, used 5108K [0x00000000d5580000, 0x00000000da080000, 0x0000000100000000)
  eden space 66560K, 0% used [0x00000000d5580000,0x00000000d5580000,0x00000000d9680000)
  from space 5120K, 99% used [0x00000000d9b80000,0x00000000da07d388,0x00000000da080000)
  to   space 5120K, 0% used [0x00000000d9680000,0x00000000d9680000,0x00000000d9b80000)
 ParOldGen       total 87552K, used 3199K [0x0000000080000000, 0x0000000085580000, 0x00000000d5580000)
  object space 87552K, 3% used [0x0000000080000000,0x000000008031fe50,0x0000000085580000)
 Metaspace       used 14104K, capacity 14604K, committed 14976K, reserved 1062912K
  class space    used 1908K, capacity 2078K, committed 2176K, reserved 1048576K
}
Event: 2.393 GC heap before
{Heap before GC invocations=5 (full 0):
 PSYoungGen      total 71680K, used 71668K [0x00000000d5580000, 0x00000000da080000, 0x0000000100000000)
  eden space 66560K, 100% used [0x00000000d5580000,0x00000000d9680000,0x00000000d9680000)
  from space 5120K, 99% used [0x00000000d9b80000,0x00000000da07d388,0x00000000da080000)
  to   space 5120K, 0% used [0x00000000d9680000,0x00000000d9680000,0x00000000d9b80000)
 ParOldGen       total 87552K, used 3199K [0x0000000080000000, 0x0000000085580000, 0x00000000d5580000)
  object space 87552K, 3% used [0x0000000080000000,0x000000008031fe50,0x0000000085580000)
 Metaspace       used 18195K, capacity 18812K, committed 18944K, reserved 1064960K
  class space    used 2556K, capacity 2744K, committed 2816K, reserved 1048576K
Event: 2.403 GC heap after
Heap after GC invocations=5 (full 0):
 PSYoungGen      total 71680K, used 5092K [0x00000000d5580000, 0x00000000dec80000, 0x0000000100000000)
  eden space 66560K, 0% used [0x00000000d5580000,0x00000000d5580000,0x00000000d9680000)
  from space 5120K, 99% used [0x00000000d9680000,0x00000000d9b79378,0x00000000d9b80000)
  to   space 10752K, 0% used [0x00000000de200000,0x00000000de200000,0x00000000dec80000)
 ParOldGen       total 87552K, used 8337K [0x0000000080000000, 0x0000000085580000, 0x00000000d5580000)
  object space 87552K, 9% used [0x0000000080000000,0x00000000808246f8,0x0000000085580000)
 Metaspace       used 18195K, capacity 18812K, committed 18944K, reserved 1064960K
  class space    used 2556K, capacity 2744K, committed 2816K, reserved 1048576K
}
Event: 2.669 GC heap before
{Heap before GC invocations=6 (full 0):
 PSYoungGen      total 71680K, used 40399K [0x00000000d5580000, 0x00000000dec80000, 0x0000000100000000)
  eden space 66560K, 53% used [0x00000000d5580000,0x00000000d77fa8c0,0x00000000d9680000)
  from space 5120K, 99% used [0x00000000d9680000,0x00000000d9b79378,0x00000000d9b80000)
  to   space 10752K, 0% used [0x00000000de200000,0x00000000de200000,0x00000000dec80000)
 ParOldGen       total 87552K, used 8337K [0x0000000080000000, 0x0000000085580000, 0x00000000d5580000)
  object space 87552K, 9% used [0x0000000080000000,0x00000000808246f8,0x0000000085580000)
 Metaspace       used 20482K, capacity 21188K, committed 21296K, reserved 1067008K
  class space    used 2902K, capacity 3100K, committed 3120K, reserved 1048576K
Event: 2.678 GC heap after
Heap after GC invocations=6 (full 0):
 PSYoungGen      total 143360K, used 8380K [0x00000000d5580000, 0x00000000ded80000, 0x0000000100000000)
  eden space 132608K, 0% used [0x00000000d5580000,0x00000000d5580000,0x00000000dd700000)
  from space 10752K, 77% used [0x00000000de200000,0x00000000dea2f0d8,0x00000000dec80000)
  to   space 11264K, 0% used [0x00000000dd700000,0x00000000dd700000,0x00000000de200000)
 ParOldGen       total 87552K, used 8345K [0x0000000080000000, 0x0000000085580000, 0x00000000d5580000)
  object space 87552K, 9% used [0x0000000080000000,0x00000000808266f8,0x0000000085580000)
 Metaspace       used 20482K, capacity 21188K, committed 21296K, reserved 1067008K
  class space    used 2902K, capacity 3100K, committed 3120K, reserved 1048576K
}
Event: 2.678 GC heap before
{Heap before GC invocations=7 (full 1):
 PSYoungGen      total 143360K, used 8380K [0x00000000d5580000, 0x00000000ded80000, 0x0000000100000000)
  eden space 132608K, 0% used [0x00000000d5580000,0x00000000d5580000,0x00000000dd700000)
  from space 10752K, 77% used [0x00000000de200000,0x00000000dea2f0d8,0x00000000dec80000)
  to   space 11264K, 0% used [0x00000000dd700000,0x00000000dd700000,0x00000000de200000)
 ParOldGen       total 87552K, used 8345K [0x0000000080000000, 0x0000000085580000, 0x00000000d5580000)
  object space 87552K, 9% used [0x0000000080000000,0x00000000808266f8,0x0000000085580000)
 Metaspace       used 20482K, capacity 21188K, committed 21296K, reserved 1067008K
  class space    used 2902K, capacity 3100K, committed 3120K, reserved 1048576K
Event: 2.732 GC heap after
Heap after GC invocations=7 (full 1):
 PSYoungGen      total 143360K, used 0K [0x00000000d5580000, 0x00000000ded80000, 0x0000000100000000)
  eden space 132608K, 0% used [0x00000000d5580000,0x00000000d5580000,0x00000000dd700000)
  from space 10752K, 0% used [0x00000000de200000,0x00000000de200000,0x00000000dec80000)
  to   space 11264K, 0% used [0x00000000dd700000,0x00000000dd700000,0x00000000de200000)
 ParOldGen       total 65536K, used 9586K [0x0000000080000000, 0x0000000084000000, 0x00000000d5580000)
  object space 65536K, 14% used [0x0000000080000000,0x000000008095cb20,0x0000000084000000)
 Metaspace       used 20482K, capacity 21188K, committed 21296K, reserved 1067008K
  class space    used 2902K, capacity 3100K, committed 3120K, reserved 1048576K
}
Event: 6.108 GC heap before
{Heap before GC invocations=8 (full 1):
 PSYoungGen      total 143360K, used 132608K [0x00000000d5580000, 0x00000000ded80000, 0x0000000100000000)
  eden space 132608K, 100% used [0x00000000d5580000,0x00000000dd700000,0x00000000dd700000)
  from space 10752K, 0% used [0x00000000de200000,0x00000000de200000,0x00000000dec80000)
  to   space 11264K, 0% used [0x00000000dd700000,0x00000000dd700000,0x00000000de200000)
 ParOldGen       total 65536K, used 9586K [0x0000000080000000, 0x0000000084000000, 0x00000000d5580000)
  object space 65536K, 14% used [0x0000000080000000,0x000000008095cb20,0x0000000084000000)
 Metaspace       used 30572K, capacity 32010K, committed 32304K, reserved 1077248K
  class space    used 4537K, capacity 4849K, committed 4912K, reserved 1048576K
Event: 6.119 GC heap after
Heap after GC invocations=8 (full 1):
 PSYoungGen      total 143872K, used 11242K [0x00000000d5580000, 0x00000000e2880000, 0x0000000100000000)
  eden space 132608K, 0% used [0x00000000d5580000,0x00000000d5580000,0x00000000dd700000)
  from space 11264K, 99% used [0x00000000dd700000,0x00000000de1faae0,0x00000000de200000)
  to   space 13824K, 0% used [0x00000000e1b00000,0x00000000e1b00000,0x00000000e2880000)
 ParOldGen       total 65536K, used 10926K [0x0000000080000000, 0x0000000084000000, 0x00000000d5580000)
  object space 65536K, 16% used [0x0000000080000000,0x0000000080aaba98,0x0000000084000000)
 Metaspace       used 30572K, capacity 32010K, committed 32304K, reserved 1077248K
  class space    used 4537K, capacity 4849K, committed 4912K, reserved 1048576K
}

